c:\users\alex\desktop\bullet3-2.86\bullet3-2.86\build3\vs2010\obj\x32\release\bulletcollision\btcollisionalgorithm.obj
c:\users\alex\desktop\bullet3-2.86\bullet3-2.86\build3\vs2010\obj\x32\release\bulletcollision\btbox2dbox2dcollisionalgorithm.obj
c:\users\alex\desktop\bullet3-2.86\bullet3-2.86\build3\vs2010\obj\x32\release\bulletcollision\btcompoundcompoundcollisionalgorithm.obj
c:\users\alex\desktop\bullet3-2.86\bullet3-2.86\build3\vs2010\obj\x32\release\bulletcollision\btspherespherecollisionalgorithm.obj
c:\users\alex\desktop\bullet3-2.86\bullet3-2.86\build3\vs2010\obj\x32\release\bulletcollision\btbvhtrianglemeshshape.obj
c:\users\alex\desktop\bullet3-2.86\bullet3-2.86\build3\vs2010\obj\x32\release\bulletcollision\btconvextrianglemeshshape.obj
c:\users\alex\desktop\bullet3-2.86\bullet3-2.86\build3\vs2010\obj\x32\release\bulletcollision\btshapehull.obj
c:\users\alex\desktop\bullet3-2.86\bullet3-2.86\build3\vs2010\obj\x32\release\bulletcollision\bttrianglemesh.obj
c:\users\alex\desktop\bullet3-2.86\bullet3-2.86\build3\vs2010\obj\x32\release\bulletcollision\bttriangleshapeex.obj
c:\users\alex\desktop\bullet3-2.86\bullet3-2.86\build3\vs2010\obj\x32\release\bulletcollision\btgjkepapenetrationdepthsolver.obj
c:\users\alex\desktop\bullet3-2.86\bullet3-2.86\build3\vs2010\obj\x32\release\bulletcollision\btpolyhedralcontactclipping.obj
c:\users\alex\desktop\bullet3-2.86\bullet3-2.86\build3\vs2010\obj\x32\release\bulletcollision\btdispatcher.obj
c:\users\alex\desktop\bullet3-2.86\bullet3-2.86\build3\vs2010\obj\x32\release\bulletcollision\btactivatingcollisionalgorithm.obj
c:\users\alex\desktop\bullet3-2.86\bullet3-2.86\build3\vs2010\obj\x32\release\bulletcollision\btboxboxcollisionalgorithm.obj
c:\users\alex\desktop\bullet3-2.86\bullet3-2.86\build3\vs2010\obj\x32\release\bulletcollision\btcompoundcollisionalgorithm.obj
c:\users\alex\desktop\bullet3-2.86\bullet3-2.86\build3\vs2010\obj\x32\release\bulletcollision\btemptycollisionalgorithm.obj
c:\users\alex\desktop\bullet3-2.86\bullet3-2.86\build3\vs2010\obj\x32\release\bulletcollision\bthashedsimplepaircache.obj
c:\users\alex\desktop\bullet3-2.86\bullet3-2.86\build3\vs2010\obj\x32\release\bulletcollision\btmanifoldresult.obj
c:\users\alex\desktop\bullet3-2.86\bullet3-2.86\build3\vs2010\obj\x32\release\bulletcollision\btspheretrianglecollisionalgorithm.obj
c:\users\alex\desktop\bullet3-2.86\bullet3-2.86\build3\vs2010\obj\x32\release\bulletcollision\btcompoundshape.obj
c:\users\alex\desktop\bullet3-2.86\bullet3-2.86\build3\vs2010\obj\x32\release\bulletcollision\btcylindershape.obj
c:\users\alex\desktop\bullet3-2.86\bullet3-2.86\build3\vs2010\obj\x32\release\bulletcollision\btoptimizedbvh.obj
c:\users\alex\desktop\bullet3-2.86\bullet3-2.86\build3\vs2010\obj\x32\release\bulletcollision\bttrianglebuffer.obj
c:\users\alex\desktop\bullet3-2.86\bullet3-2.86\build3\vs2010\obj\x32\release\bulletcollision\btuniformscalingshape.obj
c:\users\alex\desktop\bullet3-2.86\bullet3-2.86\build3\vs2010\obj\x32\release\bulletcollision\btgimpactshape.obj
c:\users\alex\desktop\bullet3-2.86\bullet3-2.86\build3\vs2010\obj\x32\release\bulletcollision\btgjkconvexcast.obj
c:\users\alex\desktop\bullet3-2.86\bullet3-2.86\build3\vs2010\obj\x32\release\bulletcollision\btminkowskipenetrationdepthsolver.obj
c:\users\alex\desktop\bullet3-2.86\bullet3-2.86\build3\vs2010\obj\x32\release\bulletcollision\btdbvtbroadphase.obj
c:\users\alex\desktop\bullet3-2.86\bullet3-2.86\build3\vs2010\obj\x32\release\bulletcollision\btcollisiondispatcher.obj
c:\users\alex\desktop\bullet3-2.86\bullet3-2.86\build3\vs2010\obj\x32\release\bulletcollision\btconvexconcavecollisionalgorithm.obj
c:\users\alex\desktop\bullet3-2.86\bullet3-2.86\build3\vs2010\obj\x32\release\bulletcollision\btghostobject.obj
c:\users\alex\desktop\bullet3-2.86\bullet3-2.86\build3\vs2010\obj\x32\release\bulletcollision\btsphereboxcollisionalgorithm.obj
c:\users\alex\desktop\bullet3-2.86\bullet3-2.86\build3\vs2010\obj\x32\release\bulletcollision\spheretriangledetector.obj
c:\users\alex\desktop\bullet3-2.86\bullet3-2.86\build3\vs2010\obj\x32\release\bulletcollision\btconvex2dshape.obj
c:\users\alex\desktop\bullet3-2.86\bullet3-2.86\build3\vs2010\obj\x32\release\bulletcollision\btconvexpolyhedron.obj
c:\users\alex\desktop\bullet3-2.86\bullet3-2.86\build3\vs2010\obj\x32\release\bulletcollision\btmultisphereshape.obj
c:\users\alex\desktop\bullet3-2.86\bullet3-2.86\build3\vs2010\obj\x32\release\bulletcollision\bttrianglecallback.obj
c:\users\alex\desktop\bullet3-2.86\bullet3-2.86\build3\vs2010\obj\x32\release\bulletcollision\bttrianglemeshshape.obj
c:\users\alex\desktop\bullet3-2.86\bullet3-2.86\build3\vs2010\obj\x32\release\bulletcollision\btgimpactcollisionalgorithm.obj
c:\users\alex\desktop\bullet3-2.86\bullet3-2.86\build3\vs2010\obj\x32\release\bulletcollision\btraycastcallback.obj
c:\users\alex\desktop\bullet3-2.86\bullet3-2.86\build3\vs2010\obj\x32\release\bulletcollision\btoverlappingpaircache.obj
c:\users\alex\desktop\bullet3-2.86\bullet3-2.86\build3\vs2010\obj\x32\release\bulletcollision\btcollisionworldimporter.obj
c:\users\alex\desktop\bullet3-2.86\bullet3-2.86\build3\vs2010\obj\x32\release\bulletcollision\btcollisionshape.obj
c:\users\alex\desktop\bullet3-2.86\bullet3-2.86\build3\vs2010\obj\x32\release\bulletcollision\btminkowskisumshape.obj
c:\users\alex\desktop\bullet3-2.86\bullet3-2.86\build3\vs2010\obj\x32\release\bulletcollision\btsphereshape.obj
c:\users\alex\desktop\bullet3-2.86\bullet3-2.86\build3\vs2010\obj\x32\release\bulletcollision\bttetrahedronshape.obj
c:\users\alex\desktop\bullet3-2.86\bullet3-2.86\build3\vs2010\obj\x32\release\bulletcollision\btcontactprocessing.obj
c:\users\alex\desktop\bullet3-2.86\bullet3-2.86\build3\vs2010\obj\x32\release\bulletcollision\gim_contact.obj
c:\users\alex\desktop\bullet3-2.86\bullet3-2.86\build3\vs2010\obj\x32\release\bulletcollision\btcontinuousconvexcollision.obj
c:\users\alex\desktop\bullet3-2.86\bullet3-2.86\build3\vs2010\obj\x32\release\bulletcollision\btsimplebroadphase.obj
c:\users\alex\desktop\bullet3-2.86\bullet3-2.86\build3\vs2010\obj\x32\release\bulletcollision\btcollisionworld.obj
c:\users\alex\desktop\bullet3-2.86\bullet3-2.86\build3\vs2010\obj\x32\release\bulletcollision\btbox2dshape.obj
c:\users\alex\desktop\bullet3-2.86\bullet3-2.86\build3\vs2010\obj\x32\release\bulletcollision\btconcaveshape.obj
c:\users\alex\desktop\bullet3-2.86\bullet3-2.86\build3\vs2010\obj\x32\release\bulletcollision\btconvexpointcloudshape.obj
c:\users\alex\desktop\bullet3-2.86\bullet3-2.86\build3\vs2010\obj\x32\release\bulletcollision\btpolyhedralconvexshape.obj
c:\users\alex\desktop\bullet3-2.86\bullet3-2.86\build3\vs2010\obj\x32\release\bulletcollision\gim_tri_collision.obj
c:\users\alex\desktop\bullet3-2.86\bullet3-2.86\build3\vs2010\obj\x32\release\bulletcollision\btdbvt.obj
c:\users\alex\desktop\bullet3-2.86\bullet3-2.86\build3\vs2010\obj\x32\release\bulletcollision\btcollisionobject.obj
c:\users\alex\desktop\bullet3-2.86\bullet3-2.86\build3\vs2010\obj\x32\release\bulletcollision\btdefaultcollisionconfiguration.obj
c:\users\alex\desktop\bullet3-2.86\bullet3-2.86\build3\vs2010\obj\x32\release\bulletcollision\btinternaledgeutility.obj
c:\users\alex\desktop\bullet3-2.86\bullet3-2.86\build3\vs2010\obj\x32\release\bulletcollision\btconvexshape.obj
c:\users\alex\desktop\bullet3-2.86\bullet3-2.86\build3\vs2010\obj\x32\release\bulletcollision\btstaticplaneshape.obj
c:\users\alex\desktop\bullet3-2.86\bullet3-2.86\build3\vs2010\obj\x32\release\bulletcollision\bttriangleindexvertexarray.obj
c:\users\alex\desktop\bullet3-2.86\bullet3-2.86\build3\vs2010\obj\x32\release\bulletcollision\btgenericpoolallocator.obj
c:\users\alex\desktop\bullet3-2.86\bullet3-2.86\build3\vs2010\obj\x32\release\bulletcollision\gim_box_set.obj
c:\users\alex\desktop\bullet3-2.86\bullet3-2.86\build3\vs2010\obj\x32\release\bulletcollision\gim_memory.obj
c:\users\alex\desktop\bullet3-2.86\bullet3-2.86\build3\vs2010\obj\x32\release\bulletcollision\btconvexcast.obj
c:\users\alex\desktop\bullet3-2.86\bullet3-2.86\build3\vs2010\obj\x32\release\bulletcollision\btpersistentmanifold.obj
c:\users\alex\desktop\bullet3-2.86\bullet3-2.86\build3\vs2010\obj\x32\release\bulletcollision\btsubsimplexconvexcast.obj
c:\users\alex\desktop\bullet3-2.86\bullet3-2.86\build3\vs2010\obj\x32\release\bulletcollision\btbroadphaseproxy.obj
c:\users\alex\desktop\bullet3-2.86\bullet3-2.86\build3\vs2010\obj\x32\release\bulletcollision\btquantizedbvh.obj
c:\users\alex\desktop\bullet3-2.86\bullet3-2.86\build3\vs2010\obj\x32\release\bulletcollision\btconvex2dconvex2dalgorithm.obj
c:\users\alex\desktop\bullet3-2.86\bullet3-2.86\build3\vs2010\obj\x32\release\bulletcollision\btconvexplanecollisionalgorithm.obj
c:\users\alex\desktop\bullet3-2.86\bullet3-2.86\build3\vs2010\obj\x32\release\bulletcollision\btsimulationislandmanager.obj
c:\users\alex\desktop\bullet3-2.86\bullet3-2.86\build3\vs2010\obj\x32\release\bulletcollision\btboxshape.obj
c:\users\alex\desktop\bullet3-2.86\bullet3-2.86\build3\vs2010\obj\x32\release\bulletcollision\btconeshape.obj
c:\users\alex\desktop\bullet3-2.86\bullet3-2.86\build3\vs2010\obj\x32\release\bulletcollision\btconvexinternalshape.obj
c:\users\alex\desktop\bullet3-2.86\bullet3-2.86\build3\vs2010\obj\x32\release\bulletcollision\btemptyshape.obj
c:\users\alex\desktop\bullet3-2.86\bullet3-2.86\build3\vs2010\obj\x32\release\bulletcollision\btmultimaterialtrianglemeshshape.obj
c:\users\alex\desktop\bullet3-2.86\bullet3-2.86\build3\vs2010\obj\x32\release\bulletcollision\btstridingmeshinterface.obj
c:\users\alex\desktop\bullet3-2.86\bullet3-2.86\build3\vs2010\obj\x32\release\bulletcollision\btgimpactbvh.obj
c:\users\alex\desktop\bullet3-2.86\bullet3-2.86\build3\vs2010\obj\x32\release\bulletcollision\btgjkepa2.obj
c:\users\alex\desktop\bullet3-2.86\bullet3-2.86\build3\vs2010\obj\x32\release\bulletcollision\btvoronoisimplexsolver.obj
c:\users\alex\desktop\bullet3-2.86\bullet3-2.86\build3\vs2010\obj\x32\release\bulletcollision\btaxissweep3.obj
c:\users\alex\desktop\bullet3-2.86\bullet3-2.86\build3\vs2010\obj\x32\release\bulletcollision\btboxboxdetector.obj
c:\users\alex\desktop\bullet3-2.86\bullet3-2.86\build3\vs2010\obj\x32\release\bulletcollision\btconvexconvexalgorithm.obj
c:\users\alex\desktop\bullet3-2.86\bullet3-2.86\build3\vs2010\obj\x32\release\bulletcollision\btunionfind.obj
c:\users\alex\desktop\bullet3-2.86\bullet3-2.86\build3\vs2010\obj\x32\release\bulletcollision\btcapsuleshape.obj
c:\users\alex\desktop\bullet3-2.86\bullet3-2.86\build3\vs2010\obj\x32\release\bulletcollision\btconvexhullshape.obj
c:\users\alex\desktop\bullet3-2.86\bullet3-2.86\build3\vs2010\obj\x32\release\bulletcollision\btheightfieldterrainshape.obj
c:\users\alex\desktop\bullet3-2.86\bullet3-2.86\build3\vs2010\obj\x32\release\bulletcollision\btscaledbvhtrianglemeshshape.obj
c:\users\alex\desktop\bullet3-2.86\bullet3-2.86\build3\vs2010\obj\x32\release\bulletcollision\bttriangleindexvertexmaterialarray.obj
c:\users\alex\desktop\bullet3-2.86\bullet3-2.86\build3\vs2010\obj\x32\release\bulletcollision\btgimpactquantizedbvh.obj
c:\users\alex\desktop\bullet3-2.86\bullet3-2.86\build3\vs2010\obj\x32\release\bulletcollision\btgjkpairdetector.obj
c:\users\alex\desktop\bullet3-2.86\bullet3-2.86\bin\bulletcollision_vs2010.lib
c:\users\alex\desktop\bullet3-2.86\bullet3-2.86\build3\vs2010\..\..\bin\bulletcollision_vs2010.lib
c:\users\alex\desktop\bullet3-2.86\bullet3-2.86\build3\vs2010\obj\x32\release\bulletcollision\bulletcollision.tlog\cl.command.1.tlog
c:\users\alex\desktop\bullet3-2.86\bullet3-2.86\build3\vs2010\obj\x32\release\bulletcollision\bulletcollision.tlog\cl.read.1.tlog
c:\users\alex\desktop\bullet3-2.86\bullet3-2.86\build3\vs2010\obj\x32\release\bulletcollision\bulletcollision.tlog\cl.write.1.tlog
c:\users\alex\desktop\bullet3-2.86\bullet3-2.86\build3\vs2010\obj\x32\release\bulletcollision\bulletcollision.tlog\lib-link.read.1.tlog
c:\users\alex\desktop\bullet3-2.86\bullet3-2.86\build3\vs2010\obj\x32\release\bulletcollision\bulletcollision.tlog\lib-link.write.1.tlog
c:\users\alex\desktop\bullet3-2.86\bullet3-2.86\build3\vs2010\obj\x32\release\bulletcollision\bulletcollision.tlog\lib.command.1.tlog
