  AbstractGame.cpp
  AudioListener.cpp
  AudioSource.cpp
  BoxCollider.cpp
  Camera.cpp
  CapsuleCollider.cpp
  CharacterController.cpp
  Collider.cpp
  ConcaveMeshCollider.cpp
  ConvexMeshCollider.cpp
  FreeLookCamera.cpp
  Light.cpp
  LuaEnvironment.cpp
  MeshRenderer.cpp
  Rigidbody.cpp
  Skybox.cpp
  SphereCollider.cpp
  Terrain.cpp
  Transform.cpp
  GameObject.cpp
  MaterialImporter.cpp
  ObjImporter.cpp
  LightManager.cpp
  Physics.cpp
  RaycastHit.cpp
  PostProcessRenderer.cpp
  Renderer.cpp
  Scene.cpp
  Texture.cpp
  Debug.cpp
  ShadowBox.cpp
  Application.cpp
  CameraOrbit.cpp
  Elevator.cpp
  Flashlight.cpp
  KeysBehaviour.cpp
  LookAt.cpp
  NPC.cpp
  Player.cpp
  RotatingBehaviour.cpp
  TranslationAnimation.cpp
  WobbleBehaviour.cpp
  LevelImporter.cpp
  LuaUtils.cpp
  TransformTest.cpp
lua.lib(lapi.obj) : warning LNK4075: ignoring '/EDITANDCONTINUE' due to '/OPT:ICF' specification
  Generating code
  772 of 9405 functions ( 8.2%) were compiled, the rest were copied from previous compilation.
    315 functions were new in current compilation
    67 functions had inline decision re-evaluated but remain unchanged
  Finished generating code
glew32sd.lib(glew.obj) : warning LNK4099: PDB 'glew_static.pdb' was not found with 'glew32sd.lib(glew.obj)' or at 'D:\Projects\c++\Third-Person\DefaultConfig\glew_static.pdb'; linking object as if no debug info
  MGE.vcxproj -> D:\Projects\c++\Third-Person\DefaultConfig\MGE.exe
  0 File(s) copied
