d:\projects\c++\third-person\defaultconfig\mge.bsc
d:\projects\c++\third-person\mge\defaultconfig\abstractgame.sbr
d:\projects\c++\third-person\mge\defaultconfig\abstractgame.obj
d:\projects\c++\third-person\mge\defaultconfig\profiler.sbr
d:\projects\c++\third-person\mge\defaultconfig\profiler.obj
d:\projects\c++\third-person\mge\defaultconfig\player.sbr
d:\projects\c++\third-person\mge\defaultconfig\player.obj
d:\projects\c++\third-person\mge\defaultconfig\rigidbody.sbr
d:\projects\c++\third-person\mge\defaultconfig\rigidbody.obj
d:\projects\c++\third-person\mge\defaultconfig\levelimporter.sbr
d:\projects\c++\third-person\mge\defaultconfig\levelimporter.obj
d:\projects\c++\third-person\mge\defaultconfig\material.sbr
d:\projects\c++\third-person\mge\defaultconfig\material.obj
d:\projects\c++\third-person\mge\defaultconfig\npc.sbr
d:\projects\c++\third-person\mge\defaultconfig\npc.obj
d:\projects\c++\third-person\mge\defaultconfig\capsulecollider.sbr
d:\projects\c++\third-person\mge\defaultconfig\capsulecollider.obj
d:\projects\c++\third-person\mge\defaultconfig\convexmeshcollider.sbr
d:\projects\c++\third-person\mge\defaultconfig\convexmeshcollider.obj
d:\projects\c++\third-person\mge\defaultconfig\screen.sbr
d:\projects\c++\third-person\mge\defaultconfig\screen.obj
d:\projects\c++\third-person\mge\defaultconfig\main.sbr
d:\projects\c++\third-person\mge\defaultconfig\main.obj
d:\projects\c++\third-person\mge\defaultconfig\quitbehaviour.sbr
d:\projects\c++\third-person\mge\defaultconfig\quitbehaviour.obj
d:\projects\c++\third-person\mge\defaultconfig\terrain.sbr
d:\projects\c++\third-person\mge\defaultconfig\terrain.obj
d:\projects\c++\third-person\mge\defaultconfig\renderer.sbr
d:\projects\c++\third-person\mge\defaultconfig\renderer.obj
d:\projects\c++\third-person\mge\defaultconfig\quaterniontest.sbr
d:\projects\c++\third-person\mge\defaultconfig\quaterniontest.obj
d:\projects\c++\third-person\mge\defaultconfig\audiolistener.sbr
d:\projects\c++\third-person\mge\defaultconfig\audiolistener.obj
d:\projects\c++\third-person\mge\defaultconfig\luaenvironment.sbr
d:\projects\c++\third-person\mge\defaultconfig\luaenvironment.obj
d:\projects\c++\third-person\mge\defaultconfig\rendertexture.sbr
d:\projects\c++\third-person\mge\defaultconfig\rendertexture.obj
d:\projects\c++\third-person\mge\defaultconfig\meshrenderer.sbr
d:\projects\c++\third-person\mge\defaultconfig\meshrenderer.obj
d:\projects\c++\third-person\mge\defaultconfig\inputaxes.sbr
d:\projects\c++\third-person\mge\defaultconfig\inputaxes.obj
d:\projects\c++\third-person\mge\defaultconfig\abstractbehaviour.sbr
d:\projects\c++\third-person\mge\defaultconfig\abstractbehaviour.obj
d:\projects\c++\third-person\mge\defaultconfig\cameraorbit.sbr
d:\projects\c++\third-person\mge\defaultconfig\cameraorbit.obj
d:\projects\c++\third-person\mge\defaultconfig\shader.sbr
d:\projects\c++\third-person\mge\defaultconfig\shader.obj
d:\projects\c++\third-person\mge\defaultconfig\audioclip.sbr
d:\projects\c++\third-person\mge\defaultconfig\audioclip.obj
d:\projects\c++\third-person\mge\defaultconfig\playerinput.sbr
d:\projects\c++\third-person\mge\defaultconfig\playerinput.obj
d:\projects\c++\third-person\mge\defaultconfig\textlog.sbr
d:\projects\c++\third-person\mge\defaultconfig\textlog.obj
d:\projects\c++\third-person\mge\defaultconfig\cursor.sbr
d:\projects\c++\third-person\mge\defaultconfig\cursor.obj
d:\projects\c++\third-person\mge\defaultconfig\closure.sbr
d:\projects\c++\third-person\mge\defaultconfig\closure.obj
d:\projects\c++\third-person\mge\defaultconfig\freelookcamera.sbr
d:\projects\c++\third-person\mge\defaultconfig\freelookcamera.obj
d:\projects\c++\third-person\mge\defaultconfig\materialimporter.sbr
d:\projects\c++\third-person\mge\defaultconfig\materialimporter.obj
d:\projects\c++\third-person\mge\defaultconfig\input.sbr
d:\projects\c++\third-person\mge\defaultconfig\input.obj
d:\projects\c++\third-person\mge\defaultconfig\keysbehaviour.sbr
d:\projects\c++\third-person\mge\defaultconfig\keysbehaviour.obj
d:\projects\c++\third-person\mge\defaultconfig\mesh.sbr
d:\projects\c++\third-person\mge\defaultconfig\mesh.obj
d:\projects\c++\third-person\mge\defaultconfig\transformtest.sbr
d:\projects\c++\third-person\mge\defaultconfig\transformtest.obj
d:\projects\c++\third-person\mge\defaultconfig\concavemeshcollider.sbr
d:\projects\c++\third-person\mge\defaultconfig\concavemeshcollider.obj
d:\projects\c++\third-person\mge\defaultconfig\raycasthit.sbr
d:\projects\c++\third-person\mge\defaultconfig\raycasthit.obj
d:\projects\c++\third-person\mge\defaultconfig\timer.sbr
d:\projects\c++\third-person\mge\defaultconfig\timer.obj
d:\projects\c++\third-person\mge\defaultconfig\lightmanager.sbr
d:\projects\c++\third-person\mge\defaultconfig\lightmanager.obj
d:\projects\c++\third-person\mge\defaultconfig\stringutils.sbr
d:\projects\c++\third-person\mge\defaultconfig\stringutils.obj
d:\projects\c++\third-person\mge\defaultconfig\inputmanager.sbr
d:\projects\c++\third-person\mge\defaultconfig\inputmanager.obj
d:\projects\c++\third-person\mge\defaultconfig\rotatingbehaviour.sbr
d:\projects\c++\third-person\mge\defaultconfig\rotatingbehaviour.obj
d:\projects\c++\third-person\mge\defaultconfig\texture.sbr
d:\projects\c++\third-person\mge\defaultconfig\texture.obj
d:\projects\c++\third-person\mge\defaultconfig\boxcollider.sbr
d:\projects\c++\third-person\mge\defaultconfig\boxcollider.obj
d:\projects\c++\third-person\mge\defaultconfig\quaternion.sbr
d:\projects\c++\third-person\mge\defaultconfig\quaternion.obj
d:\projects\c++\third-person\mge\defaultconfig\luautils.sbr
d:\projects\c++\third-person\mge\defaultconfig\luautils.obj
d:\projects\c++\third-person\mge\defaultconfig\shadermanager.sbr
d:\projects\c++\third-person\mge\defaultconfig\shadermanager.obj
d:\projects\c++\third-person\mge\defaultconfig\flashlight.sbr
d:\projects\c++\third-person\mge\defaultconfig\flashlight.obj
d:\projects\c++\third-person\mge\defaultconfig\gameobject.sbr
d:\projects\c++\third-person\mge\defaultconfig\gameobject.obj
d:\projects\c++\third-person\mge\defaultconfig\application.sbr
d:\projects\c++\third-person\mge\defaultconfig\application.obj
d:\projects\c++\third-person\mge\defaultconfig\collider.sbr
d:\projects\c++\third-person\mge\defaultconfig\collider.obj
d:\projects\c++\third-person\mge\defaultconfig\spherecollider.sbr
d:\projects\c++\third-person\mge\defaultconfig\spherecollider.obj
d:\projects\c++\third-person\mge\defaultconfig\ui.sbr
d:\projects\c++\third-person\mge\defaultconfig\ui.obj
d:\projects\c++\third-person\mge\defaultconfig\translationanimation.sbr
d:\projects\c++\third-person\mge\defaultconfig\translationanimation.obj
d:\projects\c++\third-person\mge\defaultconfig\light.sbr
d:\projects\c++\third-person\mge\defaultconfig\light.obj
d:\projects\c++\third-person\mge\defaultconfig\scene.sbr
d:\projects\c++\third-person\mge\defaultconfig\scene.obj
d:\projects\c++\third-person\mge\defaultconfig\file.sbr
d:\projects\c++\third-person\mge\defaultconfig\file.obj
d:\projects\c++\third-person\mge\defaultconfig\math.sbr
d:\projects\c++\third-person\mge\defaultconfig\math.obj
d:\projects\c++\third-person\mge\defaultconfig\objimporter.sbr
d:\projects\c++\third-person\mge\defaultconfig\objimporter.obj
d:\projects\c++\third-person\mge\defaultconfig\audiosource.sbr
d:\projects\c++\third-person\mge\defaultconfig\audiosource.obj
d:\projects\c++\third-person\mge\defaultconfig\luascript.sbr
d:\projects\c++\third-person\mge\defaultconfig\luascript.obj
d:\projects\c++\third-person\mge\defaultconfig\physics.sbr
d:\projects\c++\third-person\mge\defaultconfig\physics.obj
d:\projects\c++\third-person\mge\defaultconfig\environment.sbr
d:\projects\c++\third-person\mge\defaultconfig\environment.obj
d:\projects\c++\third-person\mge\defaultconfig\icacheable.sbr
d:\projects\c++\third-person\mge\defaultconfig\icacheable.obj
d:\projects\c++\third-person\mge\defaultconfig\time.sbr
d:\projects\c++\third-person\mge\defaultconfig\time.obj
d:\projects\c++\third-person\mge\defaultconfig\transform.sbr
d:\projects\c++\third-person\mge\defaultconfig\transform.obj
d:\projects\c++\third-person\mge\defaultconfig\wobblebehaviour.sbr
d:\projects\c++\third-person\mge\defaultconfig\wobblebehaviour.obj
d:\projects\c++\third-person\mge\defaultconfig\debughud.sbr
d:\projects\c++\third-person\mge\defaultconfig\debughud.obj
d:\projects\c++\third-person\mge\defaultconfig\charactercontroller.sbr
d:\projects\c++\third-person\mge\defaultconfig\charactercontroller.obj
d:\projects\c++\third-person\mge\defaultconfig\ray.sbr
d:\projects\c++\third-person\mge\defaultconfig\ray.obj
d:\projects\c++\third-person\mge\defaultconfig\bulletdebugrenderer.sbr
d:\projects\c++\third-person\mge\defaultconfig\bulletdebugrenderer.obj
d:\projects\c++\third-person\mge\defaultconfig\behaviourattributes.sbr
d:\projects\c++\third-person\mge\defaultconfig\behaviourattributes.obj
d:\projects\c++\third-person\mge\defaultconfig\behaviourattributesbases.sbr
d:\projects\c++\third-person\mge\defaultconfig\behaviourattributesbases.obj
d:\projects\c++\third-person\mge\defaultconfig\cubemap.sbr
d:\projects\c++\third-person\mge\defaultconfig\cubemap.obj
d:\projects\c++\third-person\mge\defaultconfig\script.sbr
d:\projects\c++\third-person\mge\defaultconfig\script.obj
d:\projects\c++\third-person\mge\defaultconfig\scenemanager.sbr
d:\projects\c++\third-person\mge\defaultconfig\scenemanager.obj
d:\projects\c++\third-person\mge\defaultconfig\skybox.sbr
d:\projects\c++\third-person\mge\defaultconfig\skybox.obj
d:\projects\c++\third-person\mge\defaultconfig\lookat.sbr
d:\projects\c++\third-person\mge\defaultconfig\lookat.obj
d:\projects\c++\third-person\mge\defaultconfig\camera.sbr
d:\projects\c++\third-person\mge\defaultconfig\camera.obj
d:\projects\c++\third-person\mge\defaultconfig\vc141.pdb
d:\projects\c++\third-person\mge\defaultconfig\uirenderer.sbr
d:\projects\c++\third-person\mge\defaultconfig\uirenderer.obj
d:\projects\c++\third-person\mge\defaultconfig\crosshair.sbr
d:\projects\c++\third-person\mge\defaultconfig\crosshair.obj
d:\projects\c++\third-person\mge\defaultconfig\lightidentifier.sbr
d:\projects\c++\third-person\mge\defaultconfig\lightidentifier.obj
d:\projects\c++\third-person\mge\defaultconfig\textlogbehaviour.sbr
d:\projects\c++\third-person\mge\defaultconfig\textlogbehaviour.obj
d:\projects\c++\third-person\mge\defaultconfig\elevator.sbr
d:\projects\c++\third-person\mge\defaultconfig\elevator.obj
d:\projects\c++\third-person\mge\defaultconfig\meshfactory.sbr
d:\projects\c++\third-person\mge\defaultconfig\meshfactory.obj
d:\projects\c++\third-person\mge\defaultconfig\fog.sbr
d:\projects\c++\third-person\mge\defaultconfig\fog.obj
d:\projects\c++\third-person\mge\defaultconfig\vignette.sbr
d:\projects\c++\third-person\mge\defaultconfig\vignette.obj
d:\projects\c++\third-person\mge\defaultconfig\postprocessrenderer.sbr
d:\projects\c++\third-person\mge\defaultconfig\postprocessrenderer.obj
d:\projects\c++\third-person\mge\defaultconfig\contrast.sbr
d:\projects\c++\third-person\mge\defaultconfig\contrast.obj
d:\projects\c++\third-person\mge\defaultconfig\postprocessor.sbr
d:\projects\c++\third-person\mge\defaultconfig\postprocessor.obj
d:\projects\c++\third-person\mge\defaultconfig\transition.sbr
d:\projects\c++\third-person\mge\defaultconfig\transition.obj
d:\projects\c++\third-person\mge\defaultconfig\shadowbox.sbr
d:\projects\c++\third-person\mge\defaultconfig\shadowbox.obj
d:\projects\c++\third-person\mge\defaultconfig\debug.sbr
d:\projects\c++\third-person\mge\defaultconfig\debug.obj
d:\projects\c++\third-person\defaultconfig\mge.exe
d:\projects\c++\third-person\defaultconfig\mge.pdb
d:\projects\c++\third-person\defaultconfig\mge.ipdb
d:\projects\c++\third-person\defaultconfig\mge.iobj
d:\projects\c++\third-person\mge\defaultconfig\mge.res
d:\projects\c++\third-person\mge\defaultconfig\mge.tlog\bscmake.command.1.tlog
d:\projects\c++\third-person\mge\defaultconfig\mge.tlog\bscmake.read.1.tlog
d:\projects\c++\third-person\mge\defaultconfig\mge.tlog\bscmake.write.1.tlog
d:\projects\c++\third-person\mge\defaultconfig\mge.tlog\cl.command.1.tlog
d:\projects\c++\third-person\mge\defaultconfig\mge.tlog\cl.read.1.tlog
d:\projects\c++\third-person\mge\defaultconfig\mge.tlog\cl.write.1.tlog
d:\projects\c++\third-person\mge\defaultconfig\mge.tlog\link.command.1.tlog
d:\projects\c++\third-person\mge\defaultconfig\mge.tlog\link.read.1.tlog
d:\projects\c++\third-person\mge\defaultconfig\mge.tlog\link.write.1.tlog
d:\projects\c++\third-person\mge\defaultconfig\mge.tlog\mge.write.1u.tlog
d:\projects\c++\third-person\mge\defaultconfig\mge.tlog\rc.command.1.tlog
d:\projects\c++\third-person\mge\defaultconfig\mge.tlog\rc.read.1.tlog
d:\projects\c++\third-person\mge\defaultconfig\mge.tlog\rc.write.1.tlog
