  ALCheck.cpp
  AlResource.cpp
  AudioDevice.cpp
  Listener.cpp
  Music.cpp
  Sound.cpp
  SoundBuffer.cpp
  SoundBufferRecorder.cpp
  InputSoundFile.cpp
  OutputSoundFile.cpp
  SoundRecorder.cpp
  SoundSource.cpp
  SoundStream.cpp
  SoundFileFactory.cpp
  SoundFileReaderFlac.cpp
C:\Users\alex\Desktop\SFML-master\SFML-master\src\SFML\Audio\SoundFileReaderFlac.cpp(293): warning C4244: 'argument': conversion from 'sf::Uint64' to 'int', possible loss of data
C:\Users\alex\Desktop\SFML-master\SFML-master\src\SFML\Audio\SoundFileReaderFlac.cpp(294): warning C4244: 'argument': conversion from 'sf::Uint64' to 'int', possible loss of data
  SoundFileReaderOgg.cpp
  SoundFileReaderWav.cpp
C:\Users\alex\Desktop\SFML-master\SFML-master\src\SFML\Audio\SoundFileReaderWav.cpp(149): warning C4018: '<': signed/unsigned mismatch
  SoundFileWriterFlac.cpp
  SoundFileWriterOgg.cpp
  SoundFileWriterWav.cpp
  Generating Code...
  sfml-audio.vcxproj -> C:\Users\alex\Desktop\SFML-master\SFML-master\build\lib\Debug\sfml-audio-d-2.dll
