c:\users\alex\desktop\bullet3-2.86\bullet3-2.86\build3\vs2010\obj\x32\release\bulletdynamics\btsimulationislandmanagermt.obj
c:\users\alex\desktop\bullet3-2.86\bullet3-2.86\build3\vs2010\obj\x32\release\bulletdynamics\btgeneric6dofspringconstraint.obj
c:\users\alex\desktop\bullet3-2.86\bullet3-2.86\build3\vs2010\obj\x32\release\bulletdynamics\btpoint2pointconstraint.obj
c:\users\alex\desktop\bullet3-2.86\bullet3-2.86\build3\vs2010\obj\x32\release\bulletdynamics\btsolve2linearconstraint.obj
c:\users\alex\desktop\bullet3-2.86\bullet3-2.86\build3\vs2010\obj\x32\release\bulletdynamics\btmultibody.obj
c:\users\alex\desktop\bullet3-2.86\bullet3-2.86\build3\vs2010\obj\x32\release\bulletdynamics\btrigidbody.obj
c:\users\alex\desktop\bullet3-2.86\bullet3-2.86\build3\vs2010\obj\x32\release\bulletdynamics\bthinge2constraint.obj
c:\users\alex\desktop\bullet3-2.86\bullet3-2.86\build3\vs2010\obj\x32\release\bulletdynamics\btsequentialimpulseconstraintsolver.obj
c:\users\alex\desktop\bullet3-2.86\bullet3-2.86\build3\vs2010\obj\x32\release\bulletdynamics\btmultibodypoint2point.obj
c:\users\alex\desktop\bullet3-2.86\bullet3-2.86\build3\vs2010\obj\x32\release\bulletdynamics\btraycastvehicle.obj
c:\users\alex\desktop\bullet3-2.86\bullet3-2.86\build3\vs2010\obj\x32\release\bulletdynamics\btdiscretedynamicsworldmt.obj
c:\users\alex\desktop\bullet3-2.86\bullet3-2.86\build3\vs2010\obj\x32\release\bulletdynamics\bthingeconstraint.obj
c:\users\alex\desktop\bullet3-2.86\bullet3-2.86\build3\vs2010\obj\x32\release\bulletdynamics\btmultibodyconstraint.obj
c:\users\alex\desktop\bullet3-2.86\bullet3-2.86\build3\vs2010\obj\x32\release\bulletdynamics\btmlcpsolver.obj
c:\users\alex\desktop\bullet3-2.86\bullet3-2.86\build3\vs2010\obj\x32\release\bulletdynamics\btsimpledynamicsworld.obj
c:\users\alex\desktop\bullet3-2.86\bullet3-2.86\build3\vs2010\obj\x32\release\bulletdynamics\btgearconstraint.obj
c:\users\alex\desktop\bullet3-2.86\bullet3-2.86\build3\vs2010\obj\x32\release\bulletdynamics\btnncgconstraintsolver.obj
c:\users\alex\desktop\bullet3-2.86\bullet3-2.86\build3\vs2010\obj\x32\release\bulletdynamics\btmultibodyconstraintsolver.obj
c:\users\alex\desktop\bullet3-2.86\bullet3-2.86\build3\vs2010\obj\x32\release\bulletdynamics\btwheelinfo.obj
c:\users\alex\desktop\bullet3-2.86\bullet3-2.86\build3\vs2010\obj\x32\release\bulletdynamics\btkinematiccharactercontroller.obj
c:\users\alex\desktop\bullet3-2.86\bullet3-2.86\build3\vs2010\obj\x32\release\bulletdynamics\btconetwistconstraint.obj
c:\users\alex\desktop\bullet3-2.86\bullet3-2.86\build3\vs2010\obj\x32\release\bulletdynamics\btuniversalconstraint.obj
c:\users\alex\desktop\bullet3-2.86\bullet3-2.86\build3\vs2010\obj\x32\release\bulletdynamics\btmultibodyjointmotor.obj
c:\users\alex\desktop\bullet3-2.86\bullet3-2.86\build3\vs2010\obj\x32\release\bulletdynamics\btdantziglcp.obj
c:\users\alex\desktop\bullet3-2.86\bullet3-2.86\build3\vs2010\obj\x32\release\bulletdynamics\btfixedconstraint.obj
c:\users\alex\desktop\bullet3-2.86\bullet3-2.86\build3\vs2010\obj\x32\release\bulletdynamics\btgeneric6dofspring2constraint.obj
c:\users\alex\desktop\bullet3-2.86\bullet3-2.86\build3\vs2010\obj\x32\release\bulletdynamics\bttypedconstraint.obj
c:\users\alex\desktop\bullet3-2.86\bullet3-2.86\build3\vs2010\obj\x32\release\bulletdynamics\btmultibodyjointlimitconstraint.obj
c:\users\alex\desktop\bullet3-2.86\bullet3-2.86\build3\vs2010\obj\x32\release\bulletdynamics\btmultibodysliderconstraint.obj
c:\users\alex\desktop\bullet3-2.86\bullet3-2.86\build3\vs2010\obj\x32\release\bulletdynamics\btdiscretedynamicsworld.obj
c:\users\alex\desktop\bullet3-2.86\bullet3-2.86\build3\vs2010\obj\x32\release\bulletdynamics\btmultibodydynamicsworld.obj
c:\users\alex\desktop\bullet3-2.86\bullet3-2.86\build3\vs2010\obj\x32\release\bulletdynamics\btcontactconstraint.obj
c:\users\alex\desktop\bullet3-2.86\bullet3-2.86\build3\vs2010\obj\x32\release\bulletdynamics\btgeneric6dofconstraint.obj
c:\users\alex\desktop\bullet3-2.86\bullet3-2.86\build3\vs2010\obj\x32\release\bulletdynamics\btsliderconstraint.obj
c:\users\alex\desktop\bullet3-2.86\bullet3-2.86\build3\vs2010\obj\x32\release\bulletdynamics\btmultibodyfixedconstraint.obj
c:\users\alex\desktop\bullet3-2.86\bullet3-2.86\build3\vs2010\obj\x32\release\bulletdynamics\btlemkealgorithm.obj
c:\users\alex\desktop\bullet3-2.86\bullet3-2.86\bin\bulletdynamics_vs2010.lib
c:\users\alex\desktop\bullet3-2.86\bullet3-2.86\build3\vs2010\..\..\bin\bulletdynamics_vs2010.lib
c:\users\alex\desktop\bullet3-2.86\bullet3-2.86\build3\vs2010\obj\x32\release\bulletdynamics\bulletdynamics.tlog\cl.command.1.tlog
c:\users\alex\desktop\bullet3-2.86\bullet3-2.86\build3\vs2010\obj\x32\release\bulletdynamics\bulletdynamics.tlog\cl.read.1.tlog
c:\users\alex\desktop\bullet3-2.86\bullet3-2.86\build3\vs2010\obj\x32\release\bulletdynamics\bulletdynamics.tlog\cl.write.1.tlog
c:\users\alex\desktop\bullet3-2.86\bullet3-2.86\build3\vs2010\obj\x32\release\bulletdynamics\bulletdynamics.tlog\lib-link.read.1.tlog
c:\users\alex\desktop\bullet3-2.86\bullet3-2.86\build3\vs2010\obj\x32\release\bulletdynamics\bulletdynamics.tlog\lib-link.write.1.tlog
c:\users\alex\desktop\bullet3-2.86\bullet3-2.86\build3\vs2010\obj\x32\release\bulletdynamics\bulletdynamics.tlog\lib.command.1.tlog
