  glew.c
  EGLOpenGLWindow.cpp
  fontstash.cpp
  GLInstancingRenderer.cpp
  GLPrimitiveRenderer.cpp
  GLRenderToTexture.cpp
  LoadShader.cpp
  opengl_fontstashcallbacks.cpp
  OpenSans.cpp
  SimpleCamera.cpp
  SimpleOpenGL2App.cpp
  SimpleOpenGL2Renderer.cpp
c:\users\alex\desktop\bullet3-2.86\bullet3-2.86\examples\openglwindow\stb_image_write.h(156): warning C4996: 'fopen': This function or variable may be unsafe. Consider using fopen_s instead. To disable deprecation, use _CRT_SECURE_NO_WARNINGS. See online help for details. (compiling source file ..\..\examples\OpenGLWindow\opengl_fontstashcallbacks.cpp)
  C:\Program Files (x86)\Windows Kits\10\Include\10.0.14393.0\ucrt\stdio.h(207): note: see declaration of 'fopen' (compiling source file ..\..\examples\OpenGLWindow\opengl_fontstashcallbacks.cpp)
  SimpleOpenGL3App.cpp
c:\users\alex\desktop\bullet3-2.86\bullet3-2.86\examples\openglwindow\stb_image_write.h(495): warning C4996: 'fopen': This function or variable may be unsafe. Consider using fopen_s instead. To disable deprecation, use _CRT_SECURE_NO_WARNINGS. See online help for details. (compiling source file ..\..\examples\OpenGLWindow\opengl_fontstashcallbacks.cpp)
  C:\Program Files (x86)\Windows Kits\10\Include\10.0.14393.0\ucrt\stdio.h(207): note: see declaration of 'fopen' (compiling source file ..\..\examples\OpenGLWindow\opengl_fontstashcallbacks.cpp)
  TwFonts.cpp
  Win32OpenGLWindow.cpp
..\..\examples\OpenGLWindow\fontstash.cpp(225): warning C4996: 'fopen': This function or variable may be unsafe. Consider using fopen_s instead. To disable deprecation, use _CRT_SECURE_NO_WARNINGS. See online help for details.
  C:\Program Files (x86)\Windows Kits\10\Include\10.0.14393.0\ucrt\stdio.h(207): note: see declaration of 'fopen'
  Win32Window.cpp
  OpenGL_Window.vcxproj -> C:\Users\alex\Desktop\bullet3-2.86\bullet3-2.86\build3\vs2010\..\..\bin\OpenGL_Window_vs2010_debug.lib
