  AudioListener.cpp
  AudioSource.cpp
  LuaEnvironment.cpp
  Rigidbody.cpp
  SphereCollider.cpp
  Physics.cpp
  RaycastHit.cpp
  NPC.cpp
  Player.cpp
  LuaGame.cpp
  FreeLookCamera.cpp
  Light.cpp
  LevelImporter.cpp
  MeshRenderer.cpp
  Scene.cpp
  Skybox.cpp
  Terrain.cpp
  Transform.cpp
  CameraOrbit.cpp
  Flashlight.cpp
  KeysBehaviour.cpp
  LookAt.cpp
  RotatingBehaviour.cpp
  WobbleBehaviour.cpp
  AbstractGame.cpp
  Camera.cpp
  GameObject.cpp
  Renderer.cpp
  Application.cpp
  TransformTest.cpp
lua.lib(lapi.obj) : warning LNK4075: ignoring '/EDITANDCONTINUE' due to '/OPT:ICF' specification
LINK : warning LNK4098: defaultlib 'MSVCRTD' conflicts with use of other libs; use /NODEFAULTLIB:library
  Generating code
  344 of 8687 functions ( 4.0%) were compiled, the rest were copied from previous compilation.
    17 functions were new in current compilation
    155 functions had inline decision re-evaluated but remain unchanged
  Finished generating code
glew32s.lib(glew.obj) : warning LNK4099: PDB 'glew_static.pdb' was not found with 'glew32s.lib(glew.obj)' or at 'D:\Projects\c++\Third-Person\Release\glew_static.pdb'; linking object as if no debug info
  MGE.vcxproj -> D:\Projects\c++\Third-Person\Release\MGE.exe
