b:\projects\c++\mercurial\mge\release\abstractbehaviour.obj
b:\projects\c++\mercurial\mge\release\audioclip.obj
b:\projects\c++\mercurial\mge\release\audiolistener.obj
b:\projects\c++\mercurial\mge\release\audiosource.obj
b:\projects\c++\mercurial\mge\release\behaviourattributes.obj
b:\projects\c++\mercurial\mge\release\behaviourattributesbases.obj
b:\projects\c++\mercurial\mge\release\bulletdebugrenderer.obj
b:\projects\c++\mercurial\mge\release\camera.obj
b:\projects\c++\mercurial\mge\release\cameraorbit.obj
b:\projects\c++\mercurial\mge\release\closure.obj
b:\projects\c++\mercurial\mge\release\contrast.obj
b:\projects\c++\mercurial\mge\release\crosshair.obj
b:\projects\c++\mercurial\mge\release\cubemap.obj
b:\projects\c++\mercurial\mge\release\cursor.obj
b:\projects\c++\mercurial\mge\release\debug.obj
b:\projects\c++\mercurial\mge\release\debughud.obj
b:\projects\c++\mercurial\mge\release\door.obj
b:\projects\c++\mercurial\mge\release\elevator.obj
b:\projects\c++\mercurial\mge\release\environment.obj
b:\projects\c++\mercurial\mge\release\file.obj
b:\projects\c++\mercurial\mge\release\flashlight.obj
b:\projects\c++\mercurial\mge\release\fog.obj
b:\projects\c++\mercurial\mge\release\freelookcamera.obj
b:\projects\c++\mercurial\mge\release\gameobject.obj
b:\projects\c++\mercurial\mge\release\icacheable.obj
b:\projects\c++\mercurial\mge\release\input.obj
b:\projects\c++\mercurial\mge\release\inputaxes.obj
b:\projects\c++\mercurial\mge\release\inputmanager.obj
b:\projects\c++\mercurial\mge\release\keysbehaviour.obj
b:\projects\c++\mercurial\mge\release\light.obj
b:\projects\c++\mercurial\mge\release\lightidentifier.obj
b:\projects\c++\mercurial\mge\release\lightmanager.obj
b:\projects\c++\mercurial\mge\release\lookat.obj
b:\projects\c++\mercurial\mge\release\luaenvironment.obj
b:\projects\c++\mercurial\mge\release\luascript.obj
b:\projects\c++\mercurial\mge\release\luautils.obj
b:\projects\c++\mercurial\mge\release\main.obj
b:\projects\c++\mercurial\mge\release\material.obj
b:\projects\c++\mercurial\mge\release\materialimporter.obj
b:\projects\c++\mercurial\mge\release\math.obj
b:\projects\c++\mercurial\mge\release\mesh.obj
b:\projects\c++\mercurial\mge\release\meshfactory.obj
b:\projects\c++\mercurial\mge\release\meshrenderer.obj
b:\projects\c++\mercurial\mge\release\npc.obj
b:\projects\c++\mercurial\mge\release\objimporter.obj
b:\projects\c++\mercurial\mge\release\playerinput.obj
b:\projects\c++\mercurial\mge\release\postprocessor.obj
b:\projects\c++\mercurial\mge\release\postprocessrenderer.obj
b:\projects\c++\mercurial\mge\release\profiler.obj
b:\projects\c++\mercurial\mge\release\quaternion.obj
b:\projects\c++\mercurial\mge\release\quaterniontest.obj
b:\projects\c++\mercurial\mge\release\ray.obj
b:\projects\c++\mercurial\mge\release\renderer.obj
b:\projects\c++\mercurial\mge\release\rendertexture.obj
b:\projects\c++\mercurial\mge\release\rotatingbehaviour.obj
b:\projects\c++\mercurial\mge\release\rotationanimation.obj
b:\projects\c++\mercurial\mge\release\scene.obj
b:\projects\c++\mercurial\mge\release\scenemanager.obj
b:\projects\c++\mercurial\mge\release\screen.obj
b:\projects\c++\mercurial\mge\release\script.obj
b:\projects\c++\mercurial\mge\release\shader.obj
b:\projects\c++\mercurial\mge\release\shadermanager.obj
b:\projects\c++\mercurial\mge\release\shadowbox.obj
b:\projects\c++\mercurial\mge\release\skybox.obj
b:\projects\c++\mercurial\mge\release\stringutils.obj
b:\projects\c++\mercurial\mge\release\sun.obj
b:\projects\c++\mercurial\mge\release\terrain.obj
b:\projects\c++\mercurial\mge\release\textlog.obj
b:\projects\c++\mercurial\mge\release\textlogbehaviour.obj
b:\projects\c++\mercurial\mge\release\texture.obj
b:\projects\c++\mercurial\mge\release\time.obj
b:\projects\c++\mercurial\mge\release\timer.obj
b:\projects\c++\mercurial\mge\release\transform.obj
b:\projects\c++\mercurial\mge\release\transformtest.obj
b:\projects\c++\mercurial\mge\release\transition.obj
b:\projects\c++\mercurial\mge\release\tv.obj
b:\projects\c++\mercurial\mge\release\ui.obj
b:\projects\c++\mercurial\mge\release\uirenderer.obj
b:\projects\c++\mercurial\mge\release\vignette.obj
b:\projects\c++\mercurial\mge\release\wobblebehaviour.obj
b:\projects\c++\mercurial\mge\release\vc142.pdb
b:\projects\c++\mercurial\mge\release\abstractbehaviour.sbr
b:\projects\c++\mercurial\mge\release\abstractgame.sbr
b:\projects\c++\mercurial\mge\release\application.sbr
b:\projects\c++\mercurial\mge\release\audioclip.sbr
b:\projects\c++\mercurial\mge\release\audiolistener.sbr
b:\projects\c++\mercurial\mge\release\audiosource.sbr
b:\projects\c++\mercurial\mge\release\behaviourattributes.sbr
b:\projects\c++\mercurial\mge\release\behaviourattributesbases.sbr
b:\projects\c++\mercurial\mge\release\boxcollider.sbr
b:\projects\c++\mercurial\mge\release\bulletdebugrenderer.sbr
b:\projects\c++\mercurial\mge\release\camera.sbr
b:\projects\c++\mercurial\mge\release\cameraorbit.sbr
b:\projects\c++\mercurial\mge\release\capsulecollider.sbr
b:\projects\c++\mercurial\mge\release\charactercontroller.sbr
b:\projects\c++\mercurial\mge\release\closure.sbr
b:\projects\c++\mercurial\mge\release\collider.sbr
b:\projects\c++\mercurial\mge\release\concavemeshcollider.sbr
b:\projects\c++\mercurial\mge\release\contrast.sbr
b:\projects\c++\mercurial\mge\release\convexmeshcollider.sbr
b:\projects\c++\mercurial\mge\release\crosshair.sbr
b:\projects\c++\mercurial\mge\release\cubemap.sbr
b:\projects\c++\mercurial\mge\release\cursor.sbr
b:\projects\c++\mercurial\mge\release\debug.sbr
b:\projects\c++\mercurial\mge\release\debughud.sbr
b:\projects\c++\mercurial\mge\release\door.sbr
b:\projects\c++\mercurial\mge\release\elevator.sbr
b:\projects\c++\mercurial\mge\release\environment.sbr
b:\projects\c++\mercurial\mge\release\file.sbr
b:\projects\c++\mercurial\mge\release\flashlight.sbr
b:\projects\c++\mercurial\mge\release\fog.sbr
b:\projects\c++\mercurial\mge\release\freelookcamera.sbr
b:\projects\c++\mercurial\mge\release\gameobject.sbr
b:\projects\c++\mercurial\mge\release\icacheable.sbr
b:\projects\c++\mercurial\mge\release\input.sbr
b:\projects\c++\mercurial\mge\release\inputaxes.sbr
b:\projects\c++\mercurial\mge\release\inputmanager.sbr
b:\projects\c++\mercurial\mge\release\keysbehaviour.sbr
b:\projects\c++\mercurial\mge\release\levelimporter.sbr
b:\projects\c++\mercurial\mge\release\light.sbr
b:\projects\c++\mercurial\mge\release\lightidentifier.sbr
b:\projects\c++\mercurial\mge\release\lightmanager.sbr
b:\projects\c++\mercurial\mge\release\lookat.sbr
b:\projects\c++\mercurial\mge\release\luaenvironment.sbr
b:\projects\c++\mercurial\mge\release\luascript.sbr
b:\projects\c++\mercurial\mge\release\luautils.sbr
b:\projects\c++\mercurial\mge\release\main.sbr
b:\projects\c++\mercurial\mge\release\material.sbr
b:\projects\c++\mercurial\mge\release\materialimporter.sbr
b:\projects\c++\mercurial\mge\release\math.sbr
b:\projects\c++\mercurial\mge\release\mesh.sbr
b:\projects\c++\mercurial\mge\release\meshfactory.sbr
b:\projects\c++\mercurial\mge\release\meshrenderer.sbr
b:\projects\c++\mercurial\mge\release\npc.sbr
b:\projects\c++\mercurial\mge\release\objimporter.sbr
b:\projects\c++\mercurial\mge\release\physics.sbr
b:\projects\c++\mercurial\mge\release\player.sbr
b:\projects\c++\mercurial\mge\release\playerinput.sbr
b:\projects\c++\mercurial\mge\release\postprocessor.sbr
b:\projects\c++\mercurial\mge\release\postprocessrenderer.sbr
b:\projects\c++\mercurial\mge\release\profiler.sbr
b:\projects\c++\mercurial\mge\release\quaternion.sbr
b:\projects\c++\mercurial\mge\release\quaterniontest.sbr
b:\projects\c++\mercurial\mge\release\quitbehaviour.sbr
b:\projects\c++\mercurial\mge\release\ray.sbr
b:\projects\c++\mercurial\mge\release\raycasthit.sbr
b:\projects\c++\mercurial\mge\release\renderer.sbr
b:\projects\c++\mercurial\mge\release\rendertexture.sbr
b:\projects\c++\mercurial\mge\release\rigidbody.sbr
b:\projects\c++\mercurial\mge\release\rotatingbehaviour.sbr
b:\projects\c++\mercurial\mge\release\rotationanimation.sbr
b:\projects\c++\mercurial\mge\release\scene.sbr
b:\projects\c++\mercurial\mge\release\scenemanager.sbr
b:\projects\c++\mercurial\mge\release\screen.sbr
b:\projects\c++\mercurial\mge\release\script.sbr
b:\projects\c++\mercurial\mge\release\shader.sbr
b:\projects\c++\mercurial\mge\release\shadermanager.sbr
b:\projects\c++\mercurial\mge\release\shadowbox.sbr
b:\projects\c++\mercurial\mge\release\skybox.sbr
b:\projects\c++\mercurial\mge\release\spherecollider.sbr
b:\projects\c++\mercurial\mge\release\stringutils.sbr
b:\projects\c++\mercurial\mge\release\sun.sbr
b:\projects\c++\mercurial\mge\release\terrain.sbr
b:\projects\c++\mercurial\mge\release\textlog.sbr
b:\projects\c++\mercurial\mge\release\textlogbehaviour.sbr
b:\projects\c++\mercurial\mge\release\texture.sbr
b:\projects\c++\mercurial\mge\release\time.sbr
b:\projects\c++\mercurial\mge\release\timer.sbr
b:\projects\c++\mercurial\mge\release\transform.sbr
b:\projects\c++\mercurial\mge\release\transformtest.sbr
b:\projects\c++\mercurial\mge\release\transition.sbr
b:\projects\c++\mercurial\mge\release\translationanimation.sbr
b:\projects\c++\mercurial\mge\release\tv.sbr
b:\projects\c++\mercurial\mge\release\ui.sbr
b:\projects\c++\mercurial\mge\release\uirenderer.sbr
b:\projects\c++\mercurial\mge\release\vignette.sbr
b:\projects\c++\mercurial\mge\release\wobblebehaviour.sbr
b:\projects\c++\mercurial\mge\release\mge.tlog\cl.command.1.tlog
